<?xml version="1.0" encoding="UTF-8"?>
<testng-results ignored="0" total="2" passed="2" failed="0" skipped="0">
  <reporter-output>
  </reporter-output>
  <suite started-at="2025-03-21T14:57:14 IST" name="Default suite" finished-at="2025-03-21T14:57:35 IST" duration-ms="21142">
    <groups>
      <group name="cucumber">
        <method signature="AbstractTestNGCucumberTests.runScenario(io.cucumber.testng.PickleWrapper, io.cucumber.testng.FeatureWrapper)[pri:0, instance:MyRunner.TestRunner@6adbc9d]" name="runScenario" class="io.cucumber.testng.AbstractTestNGCucumberTests"/>
      </group> <!-- cucumber -->
    </groups>
    <test started-at="2025-03-21T14:57:14 IST" name="Default test" finished-at="2025-03-21T14:57:35 IST" duration-ms="21142">
      <class name="MyRunner.TestRunner">
        <test-method is-config="true" signature="setUpClass(org.testng.ITestContext)[pri:0, instance:MyRunner.TestRunner@6adbc9d]" started-at="2025-03-21T14:57:14 IST" name="setUpClass" finished-at="2025-03-21T14:57:15 IST" duration-ms="750" status="PASS">
          <params>
            <param index="0">
              <value>
                <![CDATA[org.testng.TestRunner@40d60f2]]>
              </value>
            </param>
          </params>
          <reporter-output>
          </reporter-output>
        </test-method> <!-- setUpClass -->
        <test-method signature="runScenario(io.cucumber.testng.PickleWrapper, io.cucumber.testng.FeatureWrapper)[pri:0, instance:MyRunner.TestRunner@6adbc9d]" started-at="2025-03-21T14:57:15 IST" name="runScenario" description="Runs Cucumber Scenarios" data-provider="scenarios" finished-at="2025-03-21T14:57:27 IST" duration-ms="11388" status="PASS">
          <params>
            <param index="0">
              <value>
                <![CDATA["Valid User Login"]]>
              </value>
            </param>
            <param index="1">
              <value>
                <![CDATA["User Login on Demoblaze"]]>
              </value>
            </param>
          </params>
          <reporter-output>
          </reporter-output>
        </test-method> <!-- runScenario -->
        <test-method signature="runScenario(io.cucumber.testng.PickleWrapper, io.cucumber.testng.FeatureWrapper)[pri:0, instance:MyRunner.TestRunner@6adbc9d]" started-at="2025-03-21T14:57:27 IST" name="runScenario" description="Runs Cucumber Scenarios" data-provider="scenarios" finished-at="2025-03-21T14:57:35 IST" duration-ms="8917" status="PASS">
          <params>
            <param index="0">
              <value>
                <![CDATA["Invalid User Login"]]>
              </value>
            </param>
            <param index="1">
              <value>
                <![CDATA["User Login on Demoblaze"]]>
              </value>
            </param>
          </params>
          <reporter-output>
          </reporter-output>
        </test-method> <!-- runScenario -->
        <test-method is-config="true" signature="tearDownClass()[pri:0, instance:MyRunner.TestRunner@6adbc9d]" started-at="2025-03-21T14:57:35 IST" name="tearDownClass" finished-at="2025-03-21T14:57:35 IST" duration-ms="37" status="PASS">
          <reporter-output>
          </reporter-output>
        </test-method> <!-- tearDownClass -->
      </class> <!-- MyRunner.TestRunner -->
    </test> <!-- Default test -->
  </suite> <!-- Default suite -->
</testng-results>
